2021-07-29 05:02:21.321  WARN 8756 --- [HikariPool-1 housekeeper] com.zaxxer.hikari.pool.HikariPool        : HikariPool-1 - Thread starvation or clock leap detected (housekeeper delta=5h28m51s650ms516µs100ns).
2021-07-29 07:02:18.977 ERROR 8756 --- [http-nio-8080-exec-4] c.i.e.config.AuthenticationEntryPoint    : Unauthorized access tried
2021-07-29 07:02:25.050 ERROR 8756 --- [http-nio-8080-exec-6] c.i.e.config.AuthenticationEntryPoint    : Unauthorized access tried
2021-07-29 07:02:25.638 ERROR 8756 --- [http-nio-8080-exec-7] c.i.e.config.AuthenticationEntryPoint    : Unauthorized access tried
2021-07-29 07:02:25.735 ERROR 8756 --- [http-nio-8080-exec-10] c.i.e.config.AuthenticationEntryPoint    : Unauthorized access tried
2021-07-29 07:02:25.848 ERROR 8756 --- [http-nio-8080-exec-1] c.i.e.config.AuthenticationEntryPoint    : Unauthorized access tried
2021-07-29 07:02:25.957 ERROR 8756 --- [http-nio-8080-exec-3] c.i.e.config.AuthenticationEntryPoint    : Unauthorized access tried
2021-07-29 07:02:26.040 ERROR 8756 --- [http-nio-8080-exec-5] c.i.e.config.AuthenticationEntryPoint    : Unauthorized access tried
2021-07-29 07:02:26.118 ERROR 8756 --- [http-nio-8080-exec-7] c.i.e.config.AuthenticationEntryPoint    : Unauthorized access tried
2021-07-29 07:02:26.198 ERROR 8756 --- [http-nio-8080-exec-10] c.i.e.config.AuthenticationEntryPoint    : Unauthorized access tried
2021-07-29 07:02:26.327 ERROR 8756 --- [http-nio-8080-exec-1] c.i.e.config.AuthenticationEntryPoint    : Unauthorized access tried
2021-07-29 07:02:26.426 ERROR 8756 --- [http-nio-8080-exec-3] c.i.e.config.AuthenticationEntryPoint    : Unauthorized access tried
2021-07-29 07:02:26.524 ERROR 8756 --- [http-nio-8080-exec-5] c.i.e.config.AuthenticationEntryPoint    : Unauthorized access tried
2021-07-29 07:02:26.621 ERROR 8756 --- [http-nio-8080-exec-7] c.i.e.config.AuthenticationEntryPoint    : Unauthorized access tried
2021-07-29 07:02:26.700 ERROR 8756 --- [http-nio-8080-exec-10] c.i.e.config.AuthenticationEntryPoint    : Unauthorized access tried
2021-07-29 07:02:26.778 ERROR 8756 --- [http-nio-8080-exec-1] c.i.e.config.AuthenticationEntryPoint    : Unauthorized access tried
2021-07-29 07:02:26.881 ERROR 8756 --- [http-nio-8080-exec-3] c.i.e.config.AuthenticationEntryPoint    : Unauthorized access tried
2021-07-29 07:02:26.975 ERROR 8756 --- [http-nio-8080-exec-5] c.i.e.config.AuthenticationEntryPoint    : Unauthorized access tried
2021-07-29 07:02:27.087 ERROR 8756 --- [http-nio-8080-exec-7] c.i.e.config.AuthenticationEntryPoint    : Unauthorized access tried
2021-07-29 07:02:27.178 ERROR 8756 --- [http-nio-8080-exec-10] c.i.e.config.AuthenticationEntryPoint    : Unauthorized access tried
2021-07-29 07:02:27.283 ERROR 8756 --- [http-nio-8080-exec-1] c.i.e.config.AuthenticationEntryPoint    : Unauthorized access tried
2021-07-29 07:02:27.362 ERROR 8756 --- [http-nio-8080-exec-3] c.i.e.config.AuthenticationEntryPoint    : Unauthorized access tried
2021-07-29 07:02:27.476 ERROR 8756 --- [http-nio-8080-exec-5] c.i.e.config.AuthenticationEntryPoint    : Unauthorized access tried
2021-07-29 07:02:27.571 ERROR 8756 --- [http-nio-8080-exec-7] c.i.e.config.AuthenticationEntryPoint    : Unauthorized access tried
2021-07-29 07:02:27.668 ERROR 8756 --- [http-nio-8080-exec-10] c.i.e.config.AuthenticationEntryPoint    : Unauthorized access tried
2021-07-29 07:02:27.763 ERROR 8756 --- [http-nio-8080-exec-1] c.i.e.config.AuthenticationEntryPoint    : Unauthorized access tried
2021-07-29 07:02:27.862 ERROR 8756 --- [http-nio-8080-exec-3] c.i.e.config.AuthenticationEntryPoint    : Unauthorized access tried
2021-07-29 07:02:27.943 ERROR 8756 --- [http-nio-8080-exec-5] c.i.e.config.AuthenticationEntryPoint    : Unauthorized access tried
2021-07-29 07:02:28.061 ERROR 8756 --- [http-nio-8080-exec-7] c.i.e.config.AuthenticationEntryPoint    : Unauthorized access tried
2021-07-29 07:02:28.175 ERROR 8756 --- [http-nio-8080-exec-10] c.i.e.config.AuthenticationEntryPoint    : Unauthorized access tried
2021-07-29 07:02:28.254 ERROR 8756 --- [http-nio-8080-exec-1] c.i.e.config.AuthenticationEntryPoint    : Unauthorized access tried
2021-07-29 07:02:28.375 ERROR 8756 --- [http-nio-8080-exec-3] c.i.e.config.AuthenticationEntryPoint    : Unauthorized access tried
2021-07-29 07:02:28.484 ERROR 8756 --- [http-nio-8080-exec-5] c.i.e.config.AuthenticationEntryPoint    : Unauthorized access tried
2021-07-29 07:02:28.591 ERROR 8756 --- [http-nio-8080-exec-7] c.i.e.config.AuthenticationEntryPoint    : Unauthorized access tried
2021-07-29 07:02:28.670 ERROR 8756 --- [http-nio-8080-exec-10] c.i.e.config.AuthenticationEntryPoint    : Unauthorized access tried
2021-07-29 07:02:28.750 ERROR 8756 --- [http-nio-8080-exec-1] c.i.e.config.AuthenticationEntryPoint    : Unauthorized access tried
2021-07-29 07:02:28.830 ERROR 8756 --- [http-nio-8080-exec-3] c.i.e.config.AuthenticationEntryPoint    : Unauthorized access tried
2021-07-29 07:02:28.910 ERROR 8756 --- [http-nio-8080-exec-5] c.i.e.config.AuthenticationEntryPoint    : Unauthorized access tried
2021-07-29 07:02:28.990 ERROR 8756 --- [http-nio-8080-exec-7] c.i.e.config.AuthenticationEntryPoint    : Unauthorized access tried
2021-07-29 07:02:29.095 ERROR 8756 --- [http-nio-8080-exec-10] c.i.e.config.AuthenticationEntryPoint    : Unauthorized access tried
2021-07-29 07:02:29.187 ERROR 8756 --- [http-nio-8080-exec-1] c.i.e.config.AuthenticationEntryPoint    : Unauthorized access tried
2021-07-29 07:02:29.284 ERROR 8756 --- [http-nio-8080-exec-3] c.i.e.config.AuthenticationEntryPoint    : Unauthorized access tried
2021-07-29 07:02:29.377 ERROR 8756 --- [http-nio-8080-exec-5] c.i.e.config.AuthenticationEntryPoint    : Unauthorized access tried
2021-07-29 07:02:29.458 ERROR 8756 --- [http-nio-8080-exec-7] c.i.e.config.AuthenticationEntryPoint    : Unauthorized access tried
2021-07-29 07:02:29.553 ERROR 8756 --- [http-nio-8080-exec-10] c.i.e.config.AuthenticationEntryPoint    : Unauthorized access tried
2021-07-29 07:02:29.632 ERROR 8756 --- [http-nio-8080-exec-1] c.i.e.config.AuthenticationEntryPoint    : Unauthorized access tried
2021-07-29 07:02:29.711 ERROR 8756 --- [http-nio-8080-exec-3] c.i.e.config.AuthenticationEntryPoint    : Unauthorized access tried
2021-07-29 07:02:29.789 ERROR 8756 --- [http-nio-8080-exec-5] c.i.e.config.AuthenticationEntryPoint    : Unauthorized access tried
2021-07-29 07:02:29.868 ERROR 8756 --- [http-nio-8080-exec-7] c.i.e.config.AuthenticationEntryPoint    : Unauthorized access tried
2021-07-29 07:02:29.949 ERROR 8756 --- [http-nio-8080-exec-10] c.i.e.config.AuthenticationEntryPoint    : Unauthorized access tried
2021-07-29 07:02:30.028 ERROR 8756 --- [http-nio-8080-exec-1] c.i.e.config.AuthenticationEntryPoint    : Unauthorized access tried
2021-07-29 07:02:30.108 ERROR 8756 --- [http-nio-8080-exec-3] c.i.e.config.AuthenticationEntryPoint    : Unauthorized access tried
2021-07-29 07:02:30.187 ERROR 8756 --- [http-nio-8080-exec-5] c.i.e.config.AuthenticationEntryPoint    : Unauthorized access tried
2021-07-29 07:02:30.266 ERROR 8756 --- [http-nio-8080-exec-7] c.i.e.config.AuthenticationEntryPoint    : Unauthorized access tried
2021-07-29 07:02:30.345 ERROR 8756 --- [http-nio-8080-exec-10] c.i.e.config.AuthenticationEntryPoint    : Unauthorized access tried
2021-07-29 07:02:30.424 ERROR 8756 --- [http-nio-8080-exec-1] c.i.e.config.AuthenticationEntryPoint    : Unauthorized access tried
2021-07-29 07:02:30.503 ERROR 8756 --- [http-nio-8080-exec-3] c.i.e.config.AuthenticationEntryPoint    : Unauthorized access tried
2021-07-29 07:02:30.583 ERROR 8756 --- [http-nio-8080-exec-5] c.i.e.config.AuthenticationEntryPoint    : Unauthorized access tried
2021-07-29 07:02:30.663 ERROR 8756 --- [http-nio-8080-exec-7] c.i.e.config.AuthenticationEntryPoint    : Unauthorized access tried
2021-07-29 07:02:30.787 ERROR 8756 --- [http-nio-8080-exec-10] c.i.e.config.AuthenticationEntryPoint    : Unauthorized access tried
2021-07-29 07:02:30.911 ERROR 8756 --- [http-nio-8080-exec-1] c.i.e.config.AuthenticationEntryPoint    : Unauthorized access tried
2021-07-29 07:02:31.020 ERROR 8756 --- [http-nio-8080-exec-3] c.i.e.config.AuthenticationEntryPoint    : Unauthorized access tried
2021-07-29 07:02:31.138 ERROR 8756 --- [http-nio-8080-exec-5] c.i.e.config.AuthenticationEntryPoint    : Unauthorized access tried
2021-07-29 07:02:31.241 ERROR 8756 --- [http-nio-8080-exec-7] c.i.e.config.AuthenticationEntryPoint    : Unauthorized access tried
2021-07-29 07:02:31.321 ERROR 8756 --- [http-nio-8080-exec-10] c.i.e.config.AuthenticationEntryPoint    : Unauthorized access tried
2021-07-29 07:02:31.408 ERROR 8756 --- [http-nio-8080-exec-1] c.i.e.config.AuthenticationEntryPoint    : Unauthorized access tried
2021-07-29 07:02:31.491 ERROR 8756 --- [http-nio-8080-exec-3] c.i.e.config.AuthenticationEntryPoint    : Unauthorized access tried
2021-07-29 07:02:31.573 ERROR 8756 --- [http-nio-8080-exec-5] c.i.e.config.AuthenticationEntryPoint    : Unauthorized access tried
2021-07-29 07:02:31.666 ERROR 8756 --- [http-nio-8080-exec-7] c.i.e.config.AuthenticationEntryPoint    : Unauthorized access tried
2021-07-29 07:02:31.760 ERROR 8756 --- [http-nio-8080-exec-10] c.i.e.config.AuthenticationEntryPoint    : Unauthorized access tried
2021-07-29 07:02:31.871 ERROR 8756 --- [http-nio-8080-exec-1] c.i.e.config.AuthenticationEntryPoint    : Unauthorized access tried
2021-07-29 07:02:31.950 ERROR 8756 --- [http-nio-8080-exec-3] c.i.e.config.AuthenticationEntryPoint    : Unauthorized access tried
2021-07-29 07:02:32.029 ERROR 8756 --- [http-nio-8080-exec-5] c.i.e.config.AuthenticationEntryPoint    : Unauthorized access tried
2021-07-29 07:02:32.108 ERROR 8756 --- [http-nio-8080-exec-7] c.i.e.config.AuthenticationEntryPoint    : Unauthorized access tried
2021-07-29 07:02:32.186 ERROR 8756 --- [http-nio-8080-exec-10] c.i.e.config.AuthenticationEntryPoint    : Unauthorized access tried
2021-07-29 07:02:32.265 ERROR 8756 --- [http-nio-8080-exec-1] c.i.e.config.AuthenticationEntryPoint    : Unauthorized access tried
2021-07-29 07:02:32.377 ERROR 8756 --- [http-nio-8080-exec-3] c.i.e.config.AuthenticationEntryPoint    : Unauthorized access tried
2021-07-29 07:02:32.504 ERROR 8756 --- [http-nio-8080-exec-5] c.i.e.config.AuthenticationEntryPoint    : Unauthorized access tried
2021-07-29 07:02:32.612 ERROR 8756 --- [http-nio-8080-exec-7] c.i.e.config.AuthenticationEntryPoint    : Unauthorized access tried
2021-07-29 07:02:32.705 ERROR 8756 --- [http-nio-8080-exec-10] c.i.e.config.AuthenticationEntryPoint    : Unauthorized access tried
2021-07-29 07:02:32.783 ERROR 8756 --- [http-nio-8080-exec-1] c.i.e.config.AuthenticationEntryPoint    : Unauthorized access tried
2021-07-29 07:02:32.863 ERROR 8756 --- [http-nio-8080-exec-3] c.i.e.config.AuthenticationEntryPoint    : Unauthorized access tried
2021-07-29 07:02:32.943 ERROR 8756 --- [http-nio-8080-exec-5] c.i.e.config.AuthenticationEntryPoint    : Unauthorized access tried
2021-07-29 07:02:33.023 ERROR 8756 --- [http-nio-8080-exec-7] c.i.e.config.AuthenticationEntryPoint    : Unauthorized access tried
2021-07-29 07:02:33.103 ERROR 8756 --- [http-nio-8080-exec-10] c.i.e.config.AuthenticationEntryPoint    : Unauthorized access tried
2021-07-29 07:02:33.183 ERROR 8756 --- [http-nio-8080-exec-1] c.i.e.config.AuthenticationEntryPoint    : Unauthorized access tried
2021-07-29 07:02:33.261 ERROR 8756 --- [http-nio-8080-exec-3] c.i.e.config.AuthenticationEntryPoint    : Unauthorized access tried
2021-07-29 16:42:46.025  WARN 8756 --- [HikariPool-1 housekeeper] com.zaxxer.hikari.pool.HikariPool        : HikariPool-1 - Thread starvation or clock leap detected (housekeeper delta=9h35m52s869ms212µs700ns).
2021-07-29 18:10:07.141  INFO 8756 --- [RMI TCP Connection(476)-127.0.0.1] inMXBeanRegistrar$SpringApplicationAdmin : Application shutdown requested.
2021-07-29 18:10:07.188  INFO 8756 --- [RMI TCP Connection(476)-127.0.0.1] j.LocalContainerEntityManagerFactoryBean : Closing JPA EntityManagerFactory for persistence unit 'default'
2021-07-29 18:10:07.195  INFO 8756 --- [RMI TCP Connection(476)-127.0.0.1] com.zaxxer.hikari.HikariDataSource       : HikariPool-1 - Shutdown initiated...
2021-07-29 18:10:07.200  INFO 8756 --- [RMI TCP Connection(476)-127.0.0.1] com.zaxxer.hikari.HikariDataSource       : HikariPool-1 - Shutdown completed.
2021-07-29 18:10:11.702  INFO 14544 --- [restartedMain] c.i.e.ElektronskiDnevnik2Application     : Starting ElektronskiDnevnik2Application using Java 15.0.2 on DESKTOP-SFT0FH4 with PID 14544 (F:\workspace\elektronskiDnevnik2\target\classes started by T&I in F:\workspace\elektronskiDnevnik2)
2021-07-29 18:10:11.704  INFO 14544 --- [restartedMain] c.i.e.ElektronskiDnevnik2Application     : No active profile set, falling back to default profiles: default
2021-07-29 18:10:11.733  INFO 14544 --- [restartedMain] .e.DevToolsPropertyDefaultsPostProcessor : Devtools property defaults active! Set 'spring.devtools.add-properties' to 'false' to disable
2021-07-29 18:10:11.733  INFO 14544 --- [restartedMain] .e.DevToolsPropertyDefaultsPostProcessor : For additional web related logging consider setting the 'logging.level.web' property to 'DEBUG'
2021-07-29 18:10:12.235  INFO 14544 --- [restartedMain] .s.d.r.c.RepositoryConfigurationDelegate : Bootstrapping Spring Data JPA repositories in DEFAULT mode.
2021-07-29 18:10:12.282  INFO 14544 --- [restartedMain] .s.d.r.c.RepositoryConfigurationDelegate : Finished Spring Data repository scanning in 42 ms. Found 6 JPA repository interfaces.
2021-07-29 18:10:12.546  INFO 14544 --- [restartedMain] trationDelegate$BeanPostProcessorChecker : Bean 'org.springframework.security.access.expression.method.DefaultMethodSecurityExpressionHandler@48210c85' of type [org.springframework.security.access.expression.method.DefaultMethodSecurityExpressionHandler] is not eligible for getting processed by all BeanPostProcessors (for example: not eligible for auto-proxying)
2021-07-29 18:10:12.550  INFO 14544 --- [restartedMain] trationDelegate$BeanPostProcessorChecker : Bean 'methodSecurityMetadataSource' of type [org.springframework.security.access.method.DelegatingMethodSecurityMetadataSource] is not eligible for getting processed by all BeanPostProcessors (for example: not eligible for auto-proxying)
2021-07-29 18:10:12.752  INFO 14544 --- [restartedMain] o.s.b.w.embedded.tomcat.TomcatWebServer  : Tomcat initialized with port(s): 8080 (http)
2021-07-29 18:10:12.759  INFO 14544 --- [restartedMain] o.apache.catalina.core.StandardService   : Starting service [Tomcat]
2021-07-29 18:10:12.759  INFO 14544 --- [restartedMain] org.apache.catalina.core.StandardEngine  : Starting Servlet engine: [Apache Tomcat/9.0.48]
2021-07-29 18:10:12.833  INFO 14544 --- [restartedMain] o.a.c.c.C.[Tomcat].[localhost].[/]       : Initializing Spring embedded WebApplicationContext
2021-07-29 18:10:12.833  INFO 14544 --- [restartedMain] w.s.c.ServletWebServerApplicationContext : Root WebApplicationContext: initialization completed in 1099 ms
2021-07-29 18:10:13.125  INFO 14544 --- [restartedMain] com.zaxxer.hikari.HikariDataSource       : HikariPool-1 - Starting...
2021-07-29 18:10:13.400  INFO 14544 --- [restartedMain] com.zaxxer.hikari.HikariDataSource       : HikariPool-1 - Start completed.
2021-07-29 18:10:14.059  INFO 14544 --- [restartedMain] j.LocalContainerEntityManagerFactoryBean : Initialized JPA EntityManagerFactory for persistence unit 'default'
2021-07-29 18:10:14.092  WARN 14544 --- [restartedMain] JpaBaseConfiguration$JpaWebConfiguration : spring.jpa.open-in-view is enabled by default. Therefore, database queries may be performed during view rendering. Explicitly configure spring.jpa.open-in-view to disable this warning
2021-07-29 18:10:14.531  INFO 14544 --- [restartedMain] o.s.s.web.DefaultSecurityFilterChain     : Will secure any request with [org.springframework.security.web.context.request.async.WebAsyncManagerIntegrationFilter@39a465e2, org.springframework.security.web.context.SecurityContextPersistenceFilter@2a86e2ed, org.springframework.security.web.header.HeaderWriterFilter@20e737a, org.springframework.security.web.authentication.logout.LogoutFilter@1c31c966, org.springframework.security.web.authentication.www.BasicAuthenticationFilter@1875300d, org.springframework.security.web.savedrequest.RequestCacheAwareFilter@1f343e9a, org.springframework.security.web.servletapi.SecurityContextHolderAwareRequestFilter@100fca99, org.springframework.security.web.authentication.AnonymousAuthenticationFilter@248f263b, org.springframework.security.web.session.SessionManagementFilter@14db56c7, org.springframework.security.web.access.ExceptionTranslationFilter@41b4cc39, org.springframework.security.web.access.intercept.FilterSecurityInterceptor@6aed240d]
2021-07-29 18:10:14.806  INFO 14544 --- [restartedMain] o.s.b.d.a.OptionalLiveReloadServer       : LiveReload server is running on port 35729
2021-07-29 18:10:14.844  INFO 14544 --- [restartedMain] o.s.b.w.embedded.tomcat.TomcatWebServer  : Tomcat started on port(s): 8080 (http) with context path ''
2021-07-29 18:10:14.852  INFO 14544 --- [restartedMain] c.i.e.ElektronskiDnevnik2Application     : Started ElektronskiDnevnik2Application in 3.417 seconds (JVM running for 4.103)
2021-07-29 18:10:23.660  INFO 14544 --- [http-nio-8080-exec-1] o.a.c.c.C.[Tomcat].[localhost].[/]       : Initializing Spring DispatcherServlet 'dispatcherServlet'
2021-07-29 18:10:23.660  INFO 14544 --- [http-nio-8080-exec-1] o.s.web.servlet.DispatcherServlet        : Initializing Servlet 'dispatcherServlet'
2021-07-29 18:10:23.661  INFO 14544 --- [http-nio-8080-exec-1] o.s.web.servlet.DispatcherServlet        : Completed initialization in 1 ms
2021-07-29 18:10:23.921  INFO 14544 --- [http-nio-8080-exec-1] c.i.e.controllers.TeacherController      : Teacher or admin listed all marks of a teacher
2021-07-29 18:11:33.443  INFO 14544 --- [RMI TCP Connection(10)-127.0.0.1] inMXBeanRegistrar$SpringApplicationAdmin : Application shutdown requested.
2021-07-29 18:11:33.470  INFO 14544 --- [RMI TCP Connection(10)-127.0.0.1] j.LocalContainerEntityManagerFactoryBean : Closing JPA EntityManagerFactory for persistence unit 'default'
2021-07-29 18:11:33.472  INFO 14544 --- [RMI TCP Connection(10)-127.0.0.1] com.zaxxer.hikari.HikariDataSource       : HikariPool-1 - Shutdown initiated...
2021-07-29 18:11:33.479  INFO 14544 --- [RMI TCP Connection(10)-127.0.0.1] com.zaxxer.hikari.HikariDataSource       : HikariPool-1 - Shutdown completed.
2021-07-29 18:11:37.963  INFO 4840 --- [restartedMain] c.i.e.ElektronskiDnevnik2Application     : Starting ElektronskiDnevnik2Application using Java 15.0.2 on DESKTOP-SFT0FH4 with PID 4840 (F:\workspace\elektronskiDnevnik2\target\classes started by T&I in F:\workspace\elektronskiDnevnik2)
2021-07-29 18:11:37.965  INFO 4840 --- [restartedMain] c.i.e.ElektronskiDnevnik2Application     : No active profile set, falling back to default profiles: default
2021-07-29 18:11:37.994  INFO 4840 --- [restartedMain] .e.DevToolsPropertyDefaultsPostProcessor : Devtools property defaults active! Set 'spring.devtools.add-properties' to 'false' to disable
2021-07-29 18:11:37.994  INFO 4840 --- [restartedMain] .e.DevToolsPropertyDefaultsPostProcessor : For additional web related logging consider setting the 'logging.level.web' property to 'DEBUG'
2021-07-29 18:11:38.494  INFO 4840 --- [restartedMain] .s.d.r.c.RepositoryConfigurationDelegate : Bootstrapping Spring Data JPA repositories in DEFAULT mode.
2021-07-29 18:11:38.542  INFO 4840 --- [restartedMain] .s.d.r.c.RepositoryConfigurationDelegate : Finished Spring Data repository scanning in 43 ms. Found 6 JPA repository interfaces.
2021-07-29 18:11:38.773  INFO 4840 --- [restartedMain] trationDelegate$BeanPostProcessorChecker : Bean 'org.springframework.security.access.expression.method.DefaultMethodSecurityExpressionHandler@4eef1ec3' of type [org.springframework.security.access.expression.method.DefaultMethodSecurityExpressionHandler] is not eligible for getting processed by all BeanPostProcessors (for example: not eligible for auto-proxying)
2021-07-29 18:11:38.775  INFO 4840 --- [restartedMain] trationDelegate$BeanPostProcessorChecker : Bean 'methodSecurityMetadataSource' of type [org.springframework.security.access.method.DelegatingMethodSecurityMetadataSource] is not eligible for getting processed by all BeanPostProcessors (for example: not eligible for auto-proxying)
2021-07-29 18:11:38.965  INFO 4840 --- [restartedMain] o.s.b.w.embedded.tomcat.TomcatWebServer  : Tomcat initialized with port(s): 8080 (http)
2021-07-29 18:11:38.972  INFO 4840 --- [restartedMain] o.apache.catalina.core.StandardService   : Starting service [Tomcat]
2021-07-29 18:11:38.972  INFO 4840 --- [restartedMain] org.apache.catalina.core.StandardEngine  : Starting Servlet engine: [Apache Tomcat/9.0.48]
2021-07-29 18:11:39.053  INFO 4840 --- [restartedMain] o.a.c.c.C.[Tomcat].[localhost].[/]       : Initializing Spring embedded WebApplicationContext
2021-07-29 18:11:39.053  INFO 4840 --- [restartedMain] w.s.c.ServletWebServerApplicationContext : Root WebApplicationContext: initialization completed in 1058 ms
2021-07-29 18:11:39.475  INFO 4840 --- [restartedMain] com.zaxxer.hikari.HikariDataSource       : HikariPool-1 - Starting...
2021-07-29 18:11:39.740  INFO 4840 --- [restartedMain] com.zaxxer.hikari.HikariDataSource       : HikariPool-1 - Start completed.
2021-07-29 18:11:40.398  INFO 4840 --- [restartedMain] j.LocalContainerEntityManagerFactoryBean : Initialized JPA EntityManagerFactory for persistence unit 'default'
2021-07-29 18:11:40.427  WARN 4840 --- [restartedMain] JpaBaseConfiguration$JpaWebConfiguration : spring.jpa.open-in-view is enabled by default. Therefore, database queries may be performed during view rendering. Explicitly configure spring.jpa.open-in-view to disable this warning
2021-07-29 18:11:40.934  INFO 4840 --- [restartedMain] o.s.s.web.DefaultSecurityFilterChain     : Will secure any request with [org.springframework.security.web.context.request.async.WebAsyncManagerIntegrationFilter@15894b2a, org.springframework.security.web.context.SecurityContextPersistenceFilter@5e0118e9, org.springframework.security.web.header.HeaderWriterFilter@7a6acff4, org.springframework.security.web.authentication.logout.LogoutFilter@4fb3136f, org.springframework.security.web.authentication.www.BasicAuthenticationFilter@64a331c0, org.springframework.security.web.savedrequest.RequestCacheAwareFilter@6176c8e4, org.springframework.security.web.servletapi.SecurityContextHolderAwareRequestFilter@44c9e9e3, org.springframework.security.web.authentication.AnonymousAuthenticationFilter@20796266, org.springframework.security.web.session.SessionManagementFilter@1057fe2d, org.springframework.security.web.access.ExceptionTranslationFilter@93ec82f, org.springframework.security.web.access.intercept.FilterSecurityInterceptor@23faa0e4]
2021-07-29 18:11:41.204  INFO 4840 --- [restartedMain] o.s.b.d.a.OptionalLiveReloadServer       : LiveReload server is running on port 35729
2021-07-29 18:11:41.243  INFO 4840 --- [restartedMain] o.s.b.w.embedded.tomcat.TomcatWebServer  : Tomcat started on port(s): 8080 (http) with context path ''
2021-07-29 18:11:41.249  INFO 4840 --- [restartedMain] c.i.e.ElektronskiDnevnik2Application     : Started ElektronskiDnevnik2Application in 3.59 seconds (JVM running for 4.277)
2021-07-29 18:11:51.519  INFO 4840 --- [http-nio-8080-exec-2] o.a.c.c.C.[Tomcat].[localhost].[/]       : Initializing Spring DispatcherServlet 'dispatcherServlet'
2021-07-29 18:11:51.520  INFO 4840 --- [http-nio-8080-exec-2] o.s.web.servlet.DispatcherServlet        : Initializing Servlet 'dispatcherServlet'
2021-07-29 18:11:51.521  INFO 4840 --- [http-nio-8080-exec-2] o.s.web.servlet.DispatcherServlet        : Completed initialization in 1 ms
2021-07-29 18:11:51.618  INFO 4840 --- [http-nio-8080-exec-2] c.i.e.controllers.TeacherController      : Teacher or admin listed all marks of a teacher
2021-07-29 18:13:08.552  INFO 4840 --- [Thread-5] j.LocalContainerEntityManagerFactoryBean : Closing JPA EntityManagerFactory for persistence unit 'default'
2021-07-29 18:13:08.556  INFO 4840 --- [Thread-5] com.zaxxer.hikari.HikariDataSource       : HikariPool-1 - Shutdown initiated...
2021-07-29 18:13:08.569  INFO 4840 --- [Thread-5] com.zaxxer.hikari.HikariDataSource       : HikariPool-1 - Shutdown completed.
2021-07-29 18:13:08.633  INFO 4840 --- [restartedMain] c.i.e.ElektronskiDnevnik2Application     : Starting ElektronskiDnevnik2Application using Java 15.0.2 on DESKTOP-SFT0FH4 with PID 4840 (F:\workspace\elektronskiDnevnik2\target\classes started by T&I in F:\workspace\elektronskiDnevnik2)
2021-07-29 18:13:08.633  INFO 4840 --- [restartedMain] c.i.e.ElektronskiDnevnik2Application     : No active profile set, falling back to default profiles: default
2021-07-29 18:13:08.764  INFO 4840 --- [restartedMain] .s.d.r.c.RepositoryConfigurationDelegate : Bootstrapping Spring Data JPA repositories in DEFAULT mode.
2021-07-29 18:13:08.781  INFO 4840 --- [restartedMain] .s.d.r.c.RepositoryConfigurationDelegate : Finished Spring Data repository scanning in 16 ms. Found 6 JPA repository interfaces.
2021-07-29 18:13:08.827  INFO 4840 --- [restartedMain] trationDelegate$BeanPostProcessorChecker : Bean 'org.springframework.security.access.expression.method.DefaultMethodSecurityExpressionHandler@563c2c44' of type [org.springframework.security.access.expression.method.DefaultMethodSecurityExpressionHandler] is not eligible for getting processed by all BeanPostProcessors (for example: not eligible for auto-proxying)
2021-07-29 18:13:08.827  INFO 4840 --- [restartedMain] trationDelegate$BeanPostProcessorChecker : Bean 'methodSecurityMetadataSource' of type [org.springframework.security.access.method.DelegatingMethodSecurityMetadataSource] is not eligible for getting processed by all BeanPostProcessors (for example: not eligible for auto-proxying)
2021-07-29 18:13:08.869  INFO 4840 --- [restartedMain] o.s.b.w.embedded.tomcat.TomcatWebServer  : Tomcat initialized with port(s): 8080 (http)
2021-07-29 18:13:08.870  INFO 4840 --- [restartedMain] o.apache.catalina.core.StandardService   : Starting service [Tomcat]
2021-07-29 18:13:08.870  INFO 4840 --- [restartedMain] org.apache.catalina.core.StandardEngine  : Starting Servlet engine: [Apache Tomcat/9.0.48]
2021-07-29 18:13:08.891  INFO 4840 --- [restartedMain] o.a.c.c.C.[Tomcat].[localhost].[/]       : Initializing Spring embedded WebApplicationContext
2021-07-29 18:13:08.892  INFO 4840 --- [restartedMain] w.s.c.ServletWebServerApplicationContext : Root WebApplicationContext: initialization completed in 257 ms
2021-07-29 18:13:08.925  INFO 4840 --- [restartedMain] com.zaxxer.hikari.HikariDataSource       : HikariPool-2 - Starting...
2021-07-29 18:13:08.945  INFO 4840 --- [restartedMain] com.zaxxer.hikari.HikariDataSource       : HikariPool-2 - Start completed.
2021-07-29 18:13:09.127  INFO 4840 --- [restartedMain] j.LocalContainerEntityManagerFactoryBean : Initialized JPA EntityManagerFactory for persistence unit 'default'
2021-07-29 18:13:09.145  WARN 4840 --- [restartedMain] JpaBaseConfiguration$JpaWebConfiguration : spring.jpa.open-in-view is enabled by default. Therefore, database queries may be performed during view rendering. Explicitly configure spring.jpa.open-in-view to disable this warning
2021-07-29 18:13:09.296  INFO 4840 --- [restartedMain] o.s.s.web.DefaultSecurityFilterChain     : Will secure any request with [org.springframework.security.web.context.request.async.WebAsyncManagerIntegrationFilter@58f3841, org.springframework.security.web.context.SecurityContextPersistenceFilter@6c0e4f2a, org.springframework.security.web.header.HeaderWriterFilter@377465ca, org.springframework.security.web.authentication.logout.LogoutFilter@332e9d93, org.springframework.security.web.authentication.www.BasicAuthenticationFilter@436feac5, org.springframework.security.web.savedrequest.RequestCacheAwareFilter@7a057bc6, org.springframework.security.web.servletapi.SecurityContextHolderAwareRequestFilter@6ecb0b79, org.springframework.security.web.authentication.AnonymousAuthenticationFilter@7beee6aa, org.springframework.security.web.session.SessionManagementFilter@7f478107, org.springframework.security.web.access.ExceptionTranslationFilter@69fffc59, org.springframework.security.web.access.intercept.FilterSecurityInterceptor@1d2c647]
2021-07-29 18:13:09.381  INFO 4840 --- [restartedMain] o.s.b.d.a.OptionalLiveReloadServer       : LiveReload server is running on port 35729
2021-07-29 18:13:09.402  INFO 4840 --- [restartedMain] o.s.b.w.embedded.tomcat.TomcatWebServer  : Tomcat started on port(s): 8080 (http) with context path ''
2021-07-29 18:13:09.405  INFO 4840 --- [restartedMain] c.i.e.ElektronskiDnevnik2Application     : Started ElektronskiDnevnik2Application in 0.793 seconds (JVM running for 92.434)
2021-07-29 18:13:09.407  INFO 4840 --- [restartedMain] .ConditionEvaluationDeltaLoggingListener : Condition evaluation unchanged
2021-07-29 18:13:26.130  INFO 4840 --- [http-nio-8080-exec-2] o.a.c.c.C.[Tomcat].[localhost].[/]       : Initializing Spring DispatcherServlet 'dispatcherServlet'
2021-07-29 18:13:26.131  INFO 4840 --- [http-nio-8080-exec-2] o.s.web.servlet.DispatcherServlet        : Initializing Servlet 'dispatcherServlet'
2021-07-29 18:13:26.131  INFO 4840 --- [http-nio-8080-exec-2] o.s.web.servlet.DispatcherServlet        : Completed initialization in 0 ms
2021-07-29 18:13:26.321  INFO 4840 --- [http-nio-8080-exec-2] c.i.e.controllers.StudentController      : Admin or student got marks for subject
2021-07-29 18:13:26.429  INFO 4840 --- [http-nio-8080-exec-2] c.i.e.services.StudentDaoImpl            : Admin or student got marks for subject
2021-07-29 18:13:33.528  INFO 4840 --- [http-nio-8080-exec-3] c.i.e.controllers.TeacherController      : Teacher listed  marks of subject of the student
2021-07-29 18:13:33.544  INFO 4840 --- [http-nio-8080-exec-3] c.i.e.services.TeacherDaoImpl            : Students marks listed
2021-07-29 18:13:42.116  INFO 4840 --- [http-nio-8080-exec-4] c.i.e.controllers.TeacherController      : Teacher deleted  mark of subject of the student
2021-07-29 18:13:42.140  INFO 4840 --- [http-nio-8080-exec-4] c.i.e.services.TeacherDaoImpl            : Students mark deleted
2021-07-29 18:14:28.512  INFO 4840 --- [http-nio-8080-exec-5] c.i.e.controllers.TeacherController      : Teacher gave a mark to a student
2021-07-29 18:14:28.512  INFO 4840 --- [http-nio-8080-exec-5] c.i.e.services.TeacherDaoImpl            : Teacher is giving mark
2021-07-29 18:14:28.536  INFO 4840 --- [http-nio-8080-exec-5] c.i.e.services.TeacherDaoImpl            : Teacher has given a mark
2021-07-29 18:14:29.135 ERROR 4840 --- [http-nio-8080-exec-5] c.i.e.services.EmailServiceImpl          : Mail server connection failed; nested exception is javax.mail.MessagingException: Could not convert socket to TLS;
  nested exception is:
	javax.net.ssl.SSLHandshakeException: PKIX path building failed: sun.security.provider.certpath.SunCertPathBuilderException: unable to find valid certification path to requested target. Failed messages: javax.mail.MessagingException: Could not convert socket to TLS;
  nested exception is:
	javax.net.ssl.SSLHandshakeException: PKIX path building failed: sun.security.provider.certpath.SunCertPathBuilderException: unable to find valid certification path to requested target
2021-07-29 18:14:29.140  INFO 4840 --- [http-nio-8080-exec-5] c.i.e.services.TeacherDaoImpl            : Email with new sent to students parent
2021-07-29 18:14:35.924  INFO 4840 --- [http-nio-8080-exec-6] c.i.e.controllers.TeacherController      : Teacher gave a mark to a student
2021-07-29 18:14:35.926  INFO 4840 --- [http-nio-8080-exec-6] c.i.e.services.TeacherDaoImpl            : Teacher is giving mark
2021-07-29 18:14:35.948  INFO 4840 --- [http-nio-8080-exec-6] c.i.e.services.TeacherDaoImpl            : Teacher has given a mark
2021-07-29 18:14:36.214 ERROR 4840 --- [http-nio-8080-exec-6] c.i.e.services.EmailServiceImpl          : Mail server connection failed; nested exception is javax.mail.MessagingException: Could not convert socket to TLS;
  nested exception is:
	javax.net.ssl.SSLHandshakeException: PKIX path building failed: sun.security.provider.certpath.SunCertPathBuilderException: unable to find valid certification path to requested target. Failed messages: javax.mail.MessagingException: Could not convert socket to TLS;
  nested exception is:
	javax.net.ssl.SSLHandshakeException: PKIX path building failed: sun.security.provider.certpath.SunCertPathBuilderException: unable to find valid certification path to requested target
2021-07-29 18:14:36.222  INFO 4840 --- [http-nio-8080-exec-6] c.i.e.services.TeacherDaoImpl            : Email with new sent to students parent
2021-07-29 18:14:41.566  INFO 4840 --- [http-nio-8080-exec-7] c.i.e.controllers.ParentController       : Parent or admin listed all marks of a student
2021-07-29 18:14:59.086  INFO 4840 --- [http-nio-8080-exec-8] c.i.e.controllers.TeacherController      : Teacher deleted  mark of subject of the student
2021-07-29 18:14:59.095  INFO 4840 --- [http-nio-8080-exec-8] c.i.e.services.TeacherDaoImpl            : Students mark deleted
2021-07-29 18:15:29.721  INFO 4840 --- [http-nio-8080-exec-9] c.i.e.controllers.TeacherController      : Teacher or admin listed all marks of a teacher
2021-07-29 18:18:04.746  INFO 4840 --- [Thread-7] j.LocalContainerEntityManagerFactoryBean : Closing JPA EntityManagerFactory for persistence unit 'default'
2021-07-29 18:18:04.748  INFO 4840 --- [Thread-7] com.zaxxer.hikari.HikariDataSource       : HikariPool-2 - Shutdown initiated...
2021-07-29 18:18:04.766  INFO 4840 --- [Thread-7] com.zaxxer.hikari.HikariDataSource       : HikariPool-2 - Shutdown completed.
2021-07-29 18:18:04.871  INFO 4840 --- [restartedMain] c.i.e.ElektronskiDnevnik2Application     : Starting ElektronskiDnevnik2Application using Java 15.0.2 on DESKTOP-SFT0FH4 with PID 4840 (F:\workspace\elektronskiDnevnik2\target\classes started by T&I in F:\workspace\elektronskiDnevnik2)
2021-07-29 18:18:04.871  INFO 4840 --- [restartedMain] c.i.e.ElektronskiDnevnik2Application     : No active profile set, falling back to default profiles: default
2021-07-29 18:18:04.995  INFO 4840 --- [restartedMain] .s.d.r.c.RepositoryConfigurationDelegate : Bootstrapping Spring Data JPA repositories in DEFAULT mode.
2021-07-29 18:18:05.012  INFO 4840 --- [restartedMain] .s.d.r.c.RepositoryConfigurationDelegate : Finished Spring Data repository scanning in 15 ms. Found 6 JPA repository interfaces.
2021-07-29 18:18:05.053  INFO 4840 --- [restartedMain] trationDelegate$BeanPostProcessorChecker : Bean 'org.springframework.security.access.expression.method.DefaultMethodSecurityExpressionHandler@19a2fd52' of type [org.springframework.security.access.expression.method.DefaultMethodSecurityExpressionHandler] is not eligible for getting processed by all BeanPostProcessors (for example: not eligible for auto-proxying)
2021-07-29 18:18:05.053  INFO 4840 --- [restartedMain] trationDelegate$BeanPostProcessorChecker : Bean 'methodSecurityMetadataSource' of type [org.springframework.security.access.method.DelegatingMethodSecurityMetadataSource] is not eligible for getting processed by all BeanPostProcessors (for example: not eligible for auto-proxying)
2021-07-29 18:18:05.087  INFO 4840 --- [restartedMain] o.s.b.w.embedded.tomcat.TomcatWebServer  : Tomcat initialized with port(s): 8080 (http)
2021-07-29 18:18:05.088  INFO 4840 --- [restartedMain] o.apache.catalina.core.StandardService   : Starting service [Tomcat]
2021-07-29 18:18:05.088  INFO 4840 --- [restartedMain] org.apache.catalina.core.StandardEngine  : Starting Servlet engine: [Apache Tomcat/9.0.48]
2021-07-29 18:18:05.106  INFO 4840 --- [restartedMain] o.a.c.c.C.[Tomcat].[localhost].[/]       : Initializing Spring embedded WebApplicationContext
2021-07-29 18:18:05.106  INFO 4840 --- [restartedMain] w.s.c.ServletWebServerApplicationContext : Root WebApplicationContext: initialization completed in 233 ms
2021-07-29 18:18:05.139  INFO 4840 --- [restartedMain] com.zaxxer.hikari.HikariDataSource       : HikariPool-3 - Starting...
2021-07-29 18:18:05.158  INFO 4840 --- [restartedMain] com.zaxxer.hikari.HikariDataSource       : HikariPool-3 - Start completed.
2021-07-29 18:18:05.321  INFO 4840 --- [restartedMain] j.LocalContainerEntityManagerFactoryBean : Initialized JPA EntityManagerFactory for persistence unit 'default'
2021-07-29 18:18:05.336  WARN 4840 --- [restartedMain] JpaBaseConfiguration$JpaWebConfiguration : spring.jpa.open-in-view is enabled by default. Therefore, database queries may be performed during view rendering. Explicitly configure spring.jpa.open-in-view to disable this warning
2021-07-29 18:18:05.487  INFO 4840 --- [restartedMain] o.s.s.web.DefaultSecurityFilterChain     : Will secure any request with [org.springframework.security.web.context.request.async.WebAsyncManagerIntegrationFilter@12ec628d, org.springframework.security.web.context.SecurityContextPersistenceFilter@33850677, org.springframework.security.web.header.HeaderWriterFilter@1492a97a, org.springframework.security.web.authentication.logout.LogoutFilter@1b364f7d, org.springframework.security.web.authentication.www.BasicAuthenticationFilter@439bcc14, org.springframework.security.web.savedrequest.RequestCacheAwareFilter@bf4d893, org.springframework.security.web.servletapi.SecurityContextHolderAwareRequestFilter@aac69ee, org.springframework.security.web.authentication.AnonymousAuthenticationFilter@7f4e1da4, org.springframework.security.web.session.SessionManagementFilter@41a9629e, org.springframework.security.web.access.ExceptionTranslationFilter@31012915, org.springframework.security.web.access.intercept.FilterSecurityInterceptor@2c39e837]
2021-07-29 18:18:05.568  INFO 4840 --- [restartedMain] o.s.b.d.a.OptionalLiveReloadServer       : LiveReload server is running on port 35729
2021-07-29 18:18:05.588  INFO 4840 --- [restartedMain] o.s.b.w.embedded.tomcat.TomcatWebServer  : Tomcat started on port(s): 8080 (http) with context path ''
2021-07-29 18:18:05.593  INFO 4840 --- [restartedMain] c.i.e.ElektronskiDnevnik2Application     : Started ElektronskiDnevnik2Application in 0.744 seconds (JVM running for 388.621)
2021-07-29 18:18:05.595  INFO 4840 --- [restartedMain] .ConditionEvaluationDeltaLoggingListener : Condition evaluation unchanged
2021-07-29 18:18:29.807  INFO 4840 --- [Thread-11] j.LocalContainerEntityManagerFactoryBean : Closing JPA EntityManagerFactory for persistence unit 'default'
2021-07-29 18:18:29.808  INFO 4840 --- [Thread-11] com.zaxxer.hikari.HikariDataSource       : HikariPool-3 - Shutdown initiated...
2021-07-29 18:18:29.818  INFO 4840 --- [Thread-11] com.zaxxer.hikari.HikariDataSource       : HikariPool-3 - Shutdown completed.
2021-07-29 18:18:29.901  INFO 4840 --- [restartedMain] c.i.e.ElektronskiDnevnik2Application     : Starting ElektronskiDnevnik2Application using Java 15.0.2 on DESKTOP-SFT0FH4 with PID 4840 (F:\workspace\elektronskiDnevnik2\target\classes started by T&I in F:\workspace\elektronskiDnevnik2)
2021-07-29 18:18:29.902  INFO 4840 --- [restartedMain] c.i.e.ElektronskiDnevnik2Application     : No active profile set, falling back to default profiles: default
2021-07-29 18:18:30.025  INFO 4840 --- [restartedMain] .s.d.r.c.RepositoryConfigurationDelegate : Bootstrapping Spring Data JPA repositories in DEFAULT mode.
2021-07-29 18:18:30.041  INFO 4840 --- [restartedMain] .s.d.r.c.RepositoryConfigurationDelegate : Finished Spring Data repository scanning in 15 ms. Found 6 JPA repository interfaces.
2021-07-29 18:18:30.079  INFO 4840 --- [restartedMain] trationDelegate$BeanPostProcessorChecker : Bean 'org.springframework.security.access.expression.method.DefaultMethodSecurityExpressionHandler@77d3655d' of type [org.springframework.security.access.expression.method.DefaultMethodSecurityExpressionHandler] is not eligible for getting processed by all BeanPostProcessors (for example: not eligible for auto-proxying)
2021-07-29 18:18:30.080  INFO 4840 --- [restartedMain] trationDelegate$BeanPostProcessorChecker : Bean 'methodSecurityMetadataSource' of type [org.springframework.security.access.method.DelegatingMethodSecurityMetadataSource] is not eligible for getting processed by all BeanPostProcessors (for example: not eligible for auto-proxying)
2021-07-29 18:18:30.113  INFO 4840 --- [restartedMain] o.s.b.w.embedded.tomcat.TomcatWebServer  : Tomcat initialized with port(s): 8080 (http)
2021-07-29 18:18:30.113  INFO 4840 --- [restartedMain] o.apache.catalina.core.StandardService   : Starting service [Tomcat]
2021-07-29 18:18:30.113  INFO 4840 --- [restartedMain] org.apache.catalina.core.StandardEngine  : Starting Servlet engine: [Apache Tomcat/9.0.48]
2021-07-29 18:18:30.132  INFO 4840 --- [restartedMain] o.a.c.c.C.[Tomcat].[localhost].[/]       : Initializing Spring embedded WebApplicationContext
2021-07-29 18:18:30.132  INFO 4840 --- [restartedMain] w.s.c.ServletWebServerApplicationContext : Root WebApplicationContext: initialization completed in 229 ms
2021-07-29 18:18:30.164  INFO 4840 --- [restartedMain] com.zaxxer.hikari.HikariDataSource       : HikariPool-4 - Starting...
2021-07-29 18:18:30.185  INFO 4840 --- [restartedMain] com.zaxxer.hikari.HikariDataSource       : HikariPool-4 - Start completed.
2021-07-29 18:18:30.336  INFO 4840 --- [restartedMain] j.LocalContainerEntityManagerFactoryBean : Initialized JPA EntityManagerFactory for persistence unit 'default'
2021-07-29 18:18:30.349  WARN 4840 --- [restartedMain] JpaBaseConfiguration$JpaWebConfiguration : spring.jpa.open-in-view is enabled by default. Therefore, database queries may be performed during view rendering. Explicitly configure spring.jpa.open-in-view to disable this warning
2021-07-29 18:18:30.481  INFO 4840 --- [restartedMain] o.s.s.web.DefaultSecurityFilterChain     : Will secure any request with [org.springframework.security.web.context.request.async.WebAsyncManagerIntegrationFilter@1e8aaac5, org.springframework.security.web.context.SecurityContextPersistenceFilter@14c35e1b, org.springframework.security.web.header.HeaderWriterFilter@5d67e4b1, org.springframework.security.web.authentication.logout.LogoutFilter@7779c3f1, org.springframework.security.web.authentication.www.BasicAuthenticationFilter@71d25c27, org.springframework.security.web.savedrequest.RequestCacheAwareFilter@43e71a95, org.springframework.security.web.servletapi.SecurityContextHolderAwareRequestFilter@21c72c34, org.springframework.security.web.authentication.AnonymousAuthenticationFilter@9d608e5, org.springframework.security.web.session.SessionManagementFilter@14899a52, org.springframework.security.web.access.ExceptionTranslationFilter@29abd33, org.springframework.security.web.access.intercept.FilterSecurityInterceptor@7704067a]
2021-07-29 18:18:30.564  INFO 4840 --- [restartedMain] o.s.b.d.a.OptionalLiveReloadServer       : LiveReload server is running on port 35729
2021-07-29 18:18:30.585  INFO 4840 --- [restartedMain] o.s.b.w.embedded.tomcat.TomcatWebServer  : Tomcat started on port(s): 8080 (http) with context path ''
2021-07-29 18:18:30.588  INFO 4840 --- [restartedMain] c.i.e.ElektronskiDnevnik2Application     : Started ElektronskiDnevnik2Application in 0.706 seconds (JVM running for 413.616)
2021-07-29 18:18:30.590  INFO 4840 --- [restartedMain] .ConditionEvaluationDeltaLoggingListener : Condition evaluation unchanged
2021-07-29 18:18:41.308  INFO 4840 --- [http-nio-8080-exec-2] o.a.c.c.C.[Tomcat].[localhost].[/]       : Initializing Spring DispatcherServlet 'dispatcherServlet'
2021-07-29 18:18:41.308  INFO 4840 --- [http-nio-8080-exec-2] o.s.web.servlet.DispatcherServlet        : Initializing Servlet 'dispatcherServlet'
2021-07-29 18:18:41.309  INFO 4840 --- [http-nio-8080-exec-2] o.s.web.servlet.DispatcherServlet        : Completed initialization in 0 ms
2021-07-29 18:18:41.322  INFO 4840 --- [http-nio-8080-exec-2] c.i.e.controllers.TeacherController      : Teacher or admin listed all marks of a teacher
2021-07-29 18:19:25.020  INFO 4840 --- [http-nio-8080-exec-3] c.i.e.controllers.TeacherController      : Teacher gave a mark to a student
2021-07-29 18:19:25.021  INFO 4840 --- [http-nio-8080-exec-3] c.i.e.services.TeacherDaoImpl            : Teacher is giving mark
2021-07-29 18:19:25.049  INFO 4840 --- [http-nio-8080-exec-3] c.i.e.services.TeacherDaoImpl            : Teacher has given a mark
2021-07-29 18:19:25.454 ERROR 4840 --- [http-nio-8080-exec-3] c.i.e.services.EmailServiceImpl          : Mail server connection failed; nested exception is javax.mail.MessagingException: Could not convert socket to TLS;
  nested exception is:
	javax.net.ssl.SSLHandshakeException: PKIX path building failed: sun.security.provider.certpath.SunCertPathBuilderException: unable to find valid certification path to requested target. Failed messages: javax.mail.MessagingException: Could not convert socket to TLS;
  nested exception is:
	javax.net.ssl.SSLHandshakeException: PKIX path building failed: sun.security.provider.certpath.SunCertPathBuilderException: unable to find valid certification path to requested target
2021-07-29 18:19:25.480  INFO 4840 --- [http-nio-8080-exec-3] c.i.e.services.TeacherDaoImpl            : Email with new sent to students parent
2021-07-29 18:19:28.410  INFO 4840 --- [http-nio-8080-exec-4] c.i.e.controllers.TeacherController      : Teacher or admin listed all marks of a teacher
2021-07-29 18:19:47.762  INFO 4840 --- [http-nio-8080-exec-5] c.i.e.controllers.ParentController       : Parent or admin listed all marks of a student
2021-07-29 18:20:36.482  INFO 4840 --- [Thread-15] j.LocalContainerEntityManagerFactoryBean : Closing JPA EntityManagerFactory for persistence unit 'default'
2021-07-29 18:20:36.483  INFO 4840 --- [Thread-15] com.zaxxer.hikari.HikariDataSource       : HikariPool-4 - Shutdown initiated...
2021-07-29 18:20:36.493  INFO 4840 --- [Thread-15] com.zaxxer.hikari.HikariDataSource       : HikariPool-4 - Shutdown completed.
2021-07-29 18:20:36.563  INFO 4840 --- [restartedMain] c.i.e.ElektronskiDnevnik2Application     : Starting ElektronskiDnevnik2Application using Java 15.0.2 on DESKTOP-SFT0FH4 with PID 4840 (F:\workspace\elektronskiDnevnik2\target\classes started by T&I in F:\workspace\elektronskiDnevnik2)
2021-07-29 18:20:36.563  INFO 4840 --- [restartedMain] c.i.e.ElektronskiDnevnik2Application     : No active profile set, falling back to default profiles: default
2021-07-29 18:20:36.685  INFO 4840 --- [restartedMain] .s.d.r.c.RepositoryConfigurationDelegate : Bootstrapping Spring Data JPA repositories in DEFAULT mode.
2021-07-29 18:20:36.703  INFO 4840 --- [restartedMain] .s.d.r.c.RepositoryConfigurationDelegate : Finished Spring Data repository scanning in 18 ms. Found 6 JPA repository interfaces.
2021-07-29 18:20:36.743  INFO 4840 --- [restartedMain] trationDelegate$BeanPostProcessorChecker : Bean 'org.springframework.security.access.expression.method.DefaultMethodSecurityExpressionHandler@231100de' of type [org.springframework.security.access.expression.method.DefaultMethodSecurityExpressionHandler] is not eligible for getting processed by all BeanPostProcessors (for example: not eligible for auto-proxying)
2021-07-29 18:20:36.743  INFO 4840 --- [restartedMain] trationDelegate$BeanPostProcessorChecker : Bean 'methodSecurityMetadataSource' of type [org.springframework.security.access.method.DelegatingMethodSecurityMetadataSource] is not eligible for getting processed by all BeanPostProcessors (for example: not eligible for auto-proxying)
2021-07-29 18:20:36.775  INFO 4840 --- [restartedMain] o.s.b.w.embedded.tomcat.TomcatWebServer  : Tomcat initialized with port(s): 8080 (http)
2021-07-29 18:20:36.776  INFO 4840 --- [restartedMain] o.apache.catalina.core.StandardService   : Starting service [Tomcat]
2021-07-29 18:20:36.776  INFO 4840 --- [restartedMain] org.apache.catalina.core.StandardEngine  : Starting Servlet engine: [Apache Tomcat/9.0.48]
2021-07-29 18:20:36.793  INFO 4840 --- [restartedMain] o.a.c.c.C.[Tomcat].[localhost].[/]       : Initializing Spring embedded WebApplicationContext
2021-07-29 18:20:36.793  INFO 4840 --- [restartedMain] w.s.c.ServletWebServerApplicationContext : Root WebApplicationContext: initialization completed in 229 ms
2021-07-29 18:20:36.831  INFO 4840 --- [restartedMain] com.zaxxer.hikari.HikariDataSource       : HikariPool-5 - Starting...
2021-07-29 18:20:36.852  INFO 4840 --- [restartedMain] com.zaxxer.hikari.HikariDataSource       : HikariPool-5 - Start completed.
2021-07-29 18:20:37.004  INFO 4840 --- [restartedMain] j.LocalContainerEntityManagerFactoryBean : Initialized JPA EntityManagerFactory for persistence unit 'default'
2021-07-29 18:20:37.017  WARN 4840 --- [restartedMain] JpaBaseConfiguration$JpaWebConfiguration : spring.jpa.open-in-view is enabled by default. Therefore, database queries may be performed during view rendering. Explicitly configure spring.jpa.open-in-view to disable this warning
2021-07-29 18:20:37.162  INFO 4840 --- [restartedMain] o.s.s.web.DefaultSecurityFilterChain     : Will secure any request with [org.springframework.security.web.context.request.async.WebAsyncManagerIntegrationFilter@16ed81b1, org.springframework.security.web.context.SecurityContextPersistenceFilter@69ec50a5, org.springframework.security.web.header.HeaderWriterFilter@5024e466, org.springframework.security.web.authentication.logout.LogoutFilter@5673a27c, org.springframework.security.web.authentication.www.BasicAuthenticationFilter@399ce81, org.springframework.security.web.savedrequest.RequestCacheAwareFilter@39f3939b, org.springframework.security.web.servletapi.SecurityContextHolderAwareRequestFilter@4e034717, org.springframework.security.web.authentication.AnonymousAuthenticationFilter@5c69de4b, org.springframework.security.web.session.SessionManagementFilter@74fcefb3, org.springframework.security.web.access.ExceptionTranslationFilter@6cc78112, org.springframework.security.web.access.intercept.FilterSecurityInterceptor@3c7c9ff0]
2021-07-29 18:20:37.244  INFO 4840 --- [restartedMain] o.s.b.d.a.OptionalLiveReloadServer       : LiveReload server is running on port 35729
2021-07-29 18:20:37.265  INFO 4840 --- [restartedMain] o.s.b.w.embedded.tomcat.TomcatWebServer  : Tomcat started on port(s): 8080 (http) with context path ''
2021-07-29 18:20:37.268  INFO 4840 --- [restartedMain] c.i.e.ElektronskiDnevnik2Application     : Started ElektronskiDnevnik2Application in 0.725 seconds (JVM running for 540.296)
2021-07-29 18:20:37.270  INFO 4840 --- [restartedMain] .ConditionEvaluationDeltaLoggingListener : Condition evaluation unchanged
2021-07-29 18:21:01.475  INFO 4840 --- [Thread-19] j.LocalContainerEntityManagerFactoryBean : Closing JPA EntityManagerFactory for persistence unit 'default'
2021-07-29 18:21:01.476  INFO 4840 --- [Thread-19] com.zaxxer.hikari.HikariDataSource       : HikariPool-5 - Shutdown initiated...
2021-07-29 18:21:01.485  INFO 4840 --- [Thread-19] com.zaxxer.hikari.HikariDataSource       : HikariPool-5 - Shutdown completed.
2021-07-29 18:21:01.564  INFO 4840 --- [restartedMain] c.i.e.ElektronskiDnevnik2Application     : Starting ElektronskiDnevnik2Application using Java 15.0.2 on DESKTOP-SFT0FH4 with PID 4840 (F:\workspace\elektronskiDnevnik2\target\classes started by T&I in F:\workspace\elektronskiDnevnik2)
2021-07-29 18:21:01.565  INFO 4840 --- [restartedMain] c.i.e.ElektronskiDnevnik2Application     : No active profile set, falling back to default profiles: default
2021-07-29 18:21:01.692  INFO 4840 --- [restartedMain] .s.d.r.c.RepositoryConfigurationDelegate : Bootstrapping Spring Data JPA repositories in DEFAULT mode.
2021-07-29 18:21:01.709  INFO 4840 --- [restartedMain] .s.d.r.c.RepositoryConfigurationDelegate : Finished Spring Data repository scanning in 17 ms. Found 6 JPA repository interfaces.
2021-07-29 18:21:01.752  INFO 4840 --- [restartedMain] trationDelegate$BeanPostProcessorChecker : Bean 'org.springframework.security.access.expression.method.DefaultMethodSecurityExpressionHandler@2020acb0' of type [org.springframework.security.access.expression.method.DefaultMethodSecurityExpressionHandler] is not eligible for getting processed by all BeanPostProcessors (for example: not eligible for auto-proxying)
2021-07-29 18:21:01.752  INFO 4840 --- [restartedMain] trationDelegate$BeanPostProcessorChecker : Bean 'methodSecurityMetadataSource' of type [org.springframework.security.access.method.DelegatingMethodSecurityMetadataSource] is not eligible for getting processed by all BeanPostProcessors (for example: not eligible for auto-proxying)
2021-07-29 18:21:01.785  INFO 4840 --- [restartedMain] o.s.b.w.embedded.tomcat.TomcatWebServer  : Tomcat initialized with port(s): 8080 (http)
2021-07-29 18:21:01.785  INFO 4840 --- [restartedMain] o.apache.catalina.core.StandardService   : Starting service [Tomcat]
2021-07-29 18:21:01.785  INFO 4840 --- [restartedMain] org.apache.catalina.core.StandardEngine  : Starting Servlet engine: [Apache Tomcat/9.0.48]
2021-07-29 18:21:01.802  INFO 4840 --- [restartedMain] o.a.c.c.C.[Tomcat].[localhost].[/]       : Initializing Spring embedded WebApplicationContext
2021-07-29 18:21:01.803  INFO 4840 --- [restartedMain] w.s.c.ServletWebServerApplicationContext : Root WebApplicationContext: initialization completed in 237 ms
2021-07-29 18:21:01.835  INFO 4840 --- [restartedMain] com.zaxxer.hikari.HikariDataSource       : HikariPool-6 - Starting...
2021-07-29 18:21:01.854  INFO 4840 --- [restartedMain] com.zaxxer.hikari.HikariDataSource       : HikariPool-6 - Start completed.
2021-07-29 18:21:02.004  INFO 4840 --- [restartedMain] j.LocalContainerEntityManagerFactoryBean : Initialized JPA EntityManagerFactory for persistence unit 'default'
2021-07-29 18:21:02.017  WARN 4840 --- [restartedMain] JpaBaseConfiguration$JpaWebConfiguration : spring.jpa.open-in-view is enabled by default. Therefore, database queries may be performed during view rendering. Explicitly configure spring.jpa.open-in-view to disable this warning
2021-07-29 18:21:02.168  INFO 4840 --- [restartedMain] o.s.s.web.DefaultSecurityFilterChain     : Will secure any request with [org.springframework.security.web.context.request.async.WebAsyncManagerIntegrationFilter@78933b85, org.springframework.security.web.context.SecurityContextPersistenceFilter@7c37f334, org.springframework.security.web.header.HeaderWriterFilter@b3df00d, org.springframework.security.web.authentication.logout.LogoutFilter@65a67297, org.springframework.security.web.authentication.www.BasicAuthenticationFilter@69a586a, org.springframework.security.web.savedrequest.RequestCacheAwareFilter@2876d1ad, org.springframework.security.web.servletapi.SecurityContextHolderAwareRequestFilter@4cafe136, org.springframework.security.web.authentication.AnonymousAuthenticationFilter@3e89b413, org.springframework.security.web.session.SessionManagementFilter@602145e7, org.springframework.security.web.access.ExceptionTranslationFilter@70949037, org.springframework.security.web.access.intercept.FilterSecurityInterceptor@645a6252]
2021-07-29 18:21:02.256  INFO 4840 --- [restartedMain] o.s.b.d.a.OptionalLiveReloadServer       : LiveReload server is running on port 35729
2021-07-29 18:21:02.276  INFO 4840 --- [restartedMain] o.s.b.w.embedded.tomcat.TomcatWebServer  : Tomcat started on port(s): 8080 (http) with context path ''
2021-07-29 18:21:02.280  INFO 4840 --- [restartedMain] c.i.e.ElektronskiDnevnik2Application     : Started ElektronskiDnevnik2Application in 0.738 seconds (JVM running for 565.308)
2021-07-29 18:21:02.282  INFO 4840 --- [restartedMain] .ConditionEvaluationDeltaLoggingListener : Condition evaluation unchanged
2021-07-29 18:21:24.482  INFO 4840 --- [Thread-23] j.LocalContainerEntityManagerFactoryBean : Closing JPA EntityManagerFactory for persistence unit 'default'
2021-07-29 18:21:24.483  INFO 4840 --- [Thread-23] com.zaxxer.hikari.HikariDataSource       : HikariPool-6 - Shutdown initiated...
2021-07-29 18:21:24.492  INFO 4840 --- [Thread-23] com.zaxxer.hikari.HikariDataSource       : HikariPool-6 - Shutdown completed.
2021-07-29 18:21:24.564  INFO 4840 --- [restartedMain] c.i.e.ElektronskiDnevnik2Application     : Starting ElektronskiDnevnik2Application using Java 15.0.2 on DESKTOP-SFT0FH4 with PID 4840 (F:\workspace\elektronskiDnevnik2\target\classes started by T&I in F:\workspace\elektronskiDnevnik2)
2021-07-29 18:21:24.565  INFO 4840 --- [restartedMain] c.i.e.ElektronskiDnevnik2Application     : No active profile set, falling back to default profiles: default
2021-07-29 18:21:24.681  INFO 4840 --- [restartedMain] .s.d.r.c.RepositoryConfigurationDelegate : Bootstrapping Spring Data JPA repositories in DEFAULT mode.
2021-07-29 18:21:24.698  INFO 4840 --- [restartedMain] .s.d.r.c.RepositoryConfigurationDelegate : Finished Spring Data repository scanning in 16 ms. Found 6 JPA repository interfaces.
2021-07-29 18:21:24.744  INFO 4840 --- [restartedMain] trationDelegate$BeanPostProcessorChecker : Bean 'org.springframework.security.access.expression.method.DefaultMethodSecurityExpressionHandler@5db58d39' of type [org.springframework.security.access.expression.method.DefaultMethodSecurityExpressionHandler] is not eligible for getting processed by all BeanPostProcessors (for example: not eligible for auto-proxying)
2021-07-29 18:21:24.745  INFO 4840 --- [restartedMain] trationDelegate$BeanPostProcessorChecker : Bean 'methodSecurityMetadataSource' of type [org.springframework.security.access.method.DelegatingMethodSecurityMetadataSource] is not eligible for getting processed by all BeanPostProcessors (for example: not eligible for auto-proxying)
2021-07-29 18:21:24.783  INFO 4840 --- [restartedMain] o.s.b.w.embedded.tomcat.TomcatWebServer  : Tomcat initialized with port(s): 8080 (http)
2021-07-29 18:21:24.784  INFO 4840 --- [restartedMain] o.apache.catalina.core.StandardService   : Starting service [Tomcat]
2021-07-29 18:21:24.784  INFO 4840 --- [restartedMain] org.apache.catalina.core.StandardEngine  : Starting Servlet engine: [Apache Tomcat/9.0.48]
2021-07-29 18:21:24.803  INFO 4840 --- [restartedMain] o.a.c.c.C.[Tomcat].[localhost].[/]       : Initializing Spring embedded WebApplicationContext
2021-07-29 18:21:24.803  INFO 4840 --- [restartedMain] w.s.c.ServletWebServerApplicationContext : Root WebApplicationContext: initialization completed in 237 ms
2021-07-29 18:21:24.840  INFO 4840 --- [restartedMain] com.zaxxer.hikari.HikariDataSource       : HikariPool-7 - Starting...
2021-07-29 18:21:24.860  INFO 4840 --- [restartedMain] com.zaxxer.hikari.HikariDataSource       : HikariPool-7 - Start completed.
2021-07-29 18:21:25.021  INFO 4840 --- [restartedMain] j.LocalContainerEntityManagerFactoryBean : Initialized JPA EntityManagerFactory for persistence unit 'default'
2021-07-29 18:21:25.035  WARN 4840 --- [restartedMain] JpaBaseConfiguration$JpaWebConfiguration : spring.jpa.open-in-view is enabled by default. Therefore, database queries may be performed during view rendering. Explicitly configure spring.jpa.open-in-view to disable this warning
2021-07-29 18:21:25.161  INFO 4840 --- [restartedMain] o.s.s.web.DefaultSecurityFilterChain     : Will secure any request with [org.springframework.security.web.context.request.async.WebAsyncManagerIntegrationFilter@6530e21b, org.springframework.security.web.context.SecurityContextPersistenceFilter@4f1648e1, org.springframework.security.web.header.HeaderWriterFilter@29d45370, org.springframework.security.web.authentication.logout.LogoutFilter@30e2f6f4, org.springframework.security.web.authentication.www.BasicAuthenticationFilter@66535661, org.springframework.security.web.savedrequest.RequestCacheAwareFilter@4f14bf6c, org.springframework.security.web.servletapi.SecurityContextHolderAwareRequestFilter@44d03a2d, org.springframework.security.web.authentication.AnonymousAuthenticationFilter@45d3f10f, org.springframework.security.web.session.SessionManagementFilter@73cf4b00, org.springframework.security.web.access.ExceptionTranslationFilter@17a2e413, org.springframework.security.web.access.intercept.FilterSecurityInterceptor@252ab78]
2021-07-29 18:21:25.256  INFO 4840 --- [restartedMain] o.s.b.d.a.OptionalLiveReloadServer       : LiveReload server is running on port 35729
2021-07-29 18:21:25.274  INFO 4840 --- [restartedMain] o.s.b.w.embedded.tomcat.TomcatWebServer  : Tomcat started on port(s): 8080 (http) with context path ''
2021-07-29 18:21:25.278  INFO 4840 --- [restartedMain] c.i.e.ElektronskiDnevnik2Application     : Started ElektronskiDnevnik2Application in 0.731 seconds (JVM running for 588.306)
2021-07-29 18:21:25.279  INFO 4840 --- [restartedMain] .ConditionEvaluationDeltaLoggingListener : Condition evaluation unchanged
2021-07-29 18:22:05.035  INFO 4840 --- [Thread-27] j.LocalContainerEntityManagerFactoryBean : Closing JPA EntityManagerFactory for persistence unit 'default'
2021-07-29 18:22:05.037  INFO 4840 --- [Thread-27] com.zaxxer.hikari.HikariDataSource       : HikariPool-7 - Shutdown initiated...
2021-07-29 18:22:05.055  INFO 4840 --- [Thread-27] com.zaxxer.hikari.HikariDataSource       : HikariPool-7 - Shutdown completed.
2021-07-29 18:22:05.159  INFO 4840 --- [restartedMain] c.i.e.ElektronskiDnevnik2Application     : Starting ElektronskiDnevnik2Application using Java 15.0.2 on DESKTOP-SFT0FH4 with PID 4840 (F:\workspace\elektronskiDnevnik2\target\classes started by T&I in F:\workspace\elektronskiDnevnik2)
2021-07-29 18:22:05.159  INFO 4840 --- [restartedMain] c.i.e.ElektronskiDnevnik2Application     : No active profile set, falling back to default profiles: default
2021-07-29 18:22:05.287  INFO 4840 --- [restartedMain] .s.d.r.c.RepositoryConfigurationDelegate : Bootstrapping Spring Data JPA repositories in DEFAULT mode.
2021-07-29 18:22:05.303  INFO 4840 --- [restartedMain] .s.d.r.c.RepositoryConfigurationDelegate : Finished Spring Data repository scanning in 16 ms. Found 6 JPA repository interfaces.
2021-07-29 18:22:05.350  INFO 4840 --- [restartedMain] trationDelegate$BeanPostProcessorChecker : Bean 'org.springframework.security.access.expression.method.DefaultMethodSecurityExpressionHandler@40959580' of type [org.springframework.security.access.expression.method.DefaultMethodSecurityExpressionHandler] is not eligible for getting processed by all BeanPostProcessors (for example: not eligible for auto-proxying)
2021-07-29 18:22:05.350  INFO 4840 --- [restartedMain] trationDelegate$BeanPostProcessorChecker : Bean 'methodSecurityMetadataSource' of type [org.springframework.security.access.method.DelegatingMethodSecurityMetadataSource] is not eligible for getting processed by all BeanPostProcessors (for example: not eligible for auto-proxying)
2021-07-29 18:22:05.387  INFO 4840 --- [restartedMain] o.s.b.w.embedded.tomcat.TomcatWebServer  : Tomcat initialized with port(s): 8080 (http)
2021-07-29 18:22:05.387  INFO 4840 --- [restartedMain] o.apache.catalina.core.StandardService   : Starting service [Tomcat]
2021-07-29 18:22:05.387  INFO 4840 --- [restartedMain] org.apache.catalina.core.StandardEngine  : Starting Servlet engine: [Apache Tomcat/9.0.48]
2021-07-29 18:22:05.406  INFO 4840 --- [restartedMain] o.a.c.c.C.[Tomcat].[localhost].[/]       : Initializing Spring embedded WebApplicationContext
2021-07-29 18:22:05.406  INFO 4840 --- [restartedMain] w.s.c.ServletWebServerApplicationContext : Root WebApplicationContext: initialization completed in 246 ms
2021-07-29 18:22:05.442  INFO 4840 --- [restartedMain] com.zaxxer.hikari.HikariDataSource       : HikariPool-8 - Starting...
2021-07-29 18:22:05.462  INFO 4840 --- [restartedMain] com.zaxxer.hikari.HikariDataSource       : HikariPool-8 - Start completed.
2021-07-29 18:22:05.607  INFO 4840 --- [restartedMain] j.LocalContainerEntityManagerFactoryBean : Initialized JPA EntityManagerFactory for persistence unit 'default'
2021-07-29 18:22:05.621  WARN 4840 --- [restartedMain] JpaBaseConfiguration$JpaWebConfiguration : spring.jpa.open-in-view is enabled by default. Therefore, database queries may be performed during view rendering. Explicitly configure spring.jpa.open-in-view to disable this warning
2021-07-29 18:22:05.764  INFO 4840 --- [restartedMain] o.s.s.web.DefaultSecurityFilterChain     : Will secure any request with [org.springframework.security.web.context.request.async.WebAsyncManagerIntegrationFilter@297d954, org.springframework.security.web.context.SecurityContextPersistenceFilter@766eeadf, org.springframework.security.web.header.HeaderWriterFilter@2c01d53b, org.springframework.security.web.authentication.logout.LogoutFilter@1f45b7eb, org.springframework.security.web.authentication.www.BasicAuthenticationFilter@7e706090, org.springframework.security.web.savedrequest.RequestCacheAwareFilter@23a75813, org.springframework.security.web.servletapi.SecurityContextHolderAwareRequestFilter@12df951, org.springframework.security.web.authentication.AnonymousAuthenticationFilter@ef4133d, org.springframework.security.web.session.SessionManagementFilter@23878924, org.springframework.security.web.access.ExceptionTranslationFilter@1cd938b1, org.springframework.security.web.access.intercept.FilterSecurityInterceptor@200bd2c2]
2021-07-29 18:22:05.847  INFO 4840 --- [restartedMain] o.s.b.d.a.OptionalLiveReloadServer       : LiveReload server is running on port 35729
2021-07-29 18:22:05.867  INFO 4840 --- [restartedMain] o.s.b.w.embedded.tomcat.TomcatWebServer  : Tomcat started on port(s): 8080 (http) with context path ''
2021-07-29 18:22:05.871  INFO 4840 --- [restartedMain] c.i.e.ElektronskiDnevnik2Application     : Started ElektronskiDnevnik2Application in 0.733 seconds (JVM running for 628.899)
2021-07-29 18:22:05.873  INFO 4840 --- [restartedMain] .ConditionEvaluationDeltaLoggingListener : Condition evaluation unchanged
2021-07-29 18:22:42.548  INFO 4840 --- [Thread-31] j.LocalContainerEntityManagerFactoryBean : Closing JPA EntityManagerFactory for persistence unit 'default'
2021-07-29 18:22:42.549  INFO 4840 --- [Thread-31] com.zaxxer.hikari.HikariDataSource       : HikariPool-8 - Shutdown initiated...
2021-07-29 18:22:42.567  INFO 4840 --- [Thread-31] com.zaxxer.hikari.HikariDataSource       : HikariPool-8 - Shutdown completed.
2021-07-29 18:22:42.662  INFO 4840 --- [restartedMain] c.i.e.ElektronskiDnevnik2Application     : Starting ElektronskiDnevnik2Application using Java 15.0.2 on DESKTOP-SFT0FH4 with PID 4840 (F:\workspace\elektronskiDnevnik2\target\classes started by T&I in F:\workspace\elektronskiDnevnik2)
2021-07-29 18:22:42.662  INFO 4840 --- [restartedMain] c.i.e.ElektronskiDnevnik2Application     : No active profile set, falling back to default profiles: default
2021-07-29 18:22:42.777  INFO 4840 --- [restartedMain] .s.d.r.c.RepositoryConfigurationDelegate : Bootstrapping Spring Data JPA repositories in DEFAULT mode.
2021-07-29 18:22:42.792  INFO 4840 --- [restartedMain] .s.d.r.c.RepositoryConfigurationDelegate : Finished Spring Data repository scanning in 15 ms. Found 6 JPA repository interfaces.
2021-07-29 18:22:42.831  INFO 4840 --- [restartedMain] trationDelegate$BeanPostProcessorChecker : Bean 'org.springframework.security.access.expression.method.DefaultMethodSecurityExpressionHandler@1b42d27f' of type [org.springframework.security.access.expression.method.DefaultMethodSecurityExpressionHandler] is not eligible for getting processed by all BeanPostProcessors (for example: not eligible for auto-proxying)
2021-07-29 18:22:42.831  INFO 4840 --- [restartedMain] trationDelegate$BeanPostProcessorChecker : Bean 'methodSecurityMetadataSource' of type [org.springframework.security.access.method.DelegatingMethodSecurityMetadataSource] is not eligible for getting processed by all BeanPostProcessors (for example: not eligible for auto-proxying)
2021-07-29 18:22:42.865  INFO 4840 --- [restartedMain] o.s.b.w.embedded.tomcat.TomcatWebServer  : Tomcat initialized with port(s): 8080 (http)
2021-07-29 18:22:42.866  INFO 4840 --- [restartedMain] o.apache.catalina.core.StandardService   : Starting service [Tomcat]
2021-07-29 18:22:42.866  INFO 4840 --- [restartedMain] org.apache.catalina.core.StandardEngine  : Starting Servlet engine: [Apache Tomcat/9.0.48]
2021-07-29 18:22:42.885  INFO 4840 --- [restartedMain] o.a.c.c.C.[Tomcat].[localhost].[/]       : Initializing Spring embedded WebApplicationContext
2021-07-29 18:22:42.885  INFO 4840 --- [restartedMain] w.s.c.ServletWebServerApplicationContext : Root WebApplicationContext: initialization completed in 222 ms
2021-07-29 18:22:42.917  INFO 4840 --- [restartedMain] com.zaxxer.hikari.HikariDataSource       : HikariPool-9 - Starting...
2021-07-29 18:22:42.936  INFO 4840 --- [restartedMain] com.zaxxer.hikari.HikariDataSource       : HikariPool-9 - Start completed.
2021-07-29 18:22:43.062  INFO 4840 --- [restartedMain] j.LocalContainerEntityManagerFactoryBean : Initialized JPA EntityManagerFactory for persistence unit 'default'
2021-07-29 18:22:43.079  WARN 4840 --- [restartedMain] JpaBaseConfiguration$JpaWebConfiguration : spring.jpa.open-in-view is enabled by default. Therefore, database queries may be performed during view rendering. Explicitly configure spring.jpa.open-in-view to disable this warning
2021-07-29 18:22:43.209  INFO 4840 --- [restartedMain] o.s.s.web.DefaultSecurityFilterChain     : Will secure any request with [org.springframework.security.web.context.request.async.WebAsyncManagerIntegrationFilter@4b9dbab7, org.springframework.security.web.context.SecurityContextPersistenceFilter@18a27456, org.springframework.security.web.header.HeaderWriterFilter@f2c00c1, org.springframework.security.web.authentication.logout.LogoutFilter@c787ff7, org.springframework.security.web.authentication.www.BasicAuthenticationFilter@3ac34f36, org.springframework.security.web.savedrequest.RequestCacheAwareFilter@2a99c190, org.springframework.security.web.servletapi.SecurityContextHolderAwareRequestFilter@455ce60a, org.springframework.security.web.authentication.AnonymousAuthenticationFilter@a6b1c68, org.springframework.security.web.session.SessionManagementFilter@2fadb812, org.springframework.security.web.access.ExceptionTranslationFilter@4b6c7fd, org.springframework.security.web.access.intercept.FilterSecurityInterceptor@1f3a728a]
2021-07-29 18:22:43.291  INFO 4840 --- [restartedMain] o.s.b.d.a.OptionalLiveReloadServer       : LiveReload server is running on port 35729
2021-07-29 18:22:43.309  INFO 4840 --- [restartedMain] o.s.b.w.embedded.tomcat.TomcatWebServer  : Tomcat started on port(s): 8080 (http) with context path ''
2021-07-29 18:22:43.313  INFO 4840 --- [restartedMain] c.i.e.ElektronskiDnevnik2Application     : Started ElektronskiDnevnik2Application in 0.67 seconds (JVM running for 666.341)
2021-07-29 18:22:43.314  INFO 4840 --- [restartedMain] .ConditionEvaluationDeltaLoggingListener : Condition evaluation unchanged
2021-07-29 19:08:19.060  INFO 4840 --- [RMI TCP Connection(89)-127.0.0.1] inMXBeanRegistrar$SpringApplicationAdmin : Application shutdown requested.
2021-07-29 19:08:19.091  INFO 4840 --- [RMI TCP Connection(89)-127.0.0.1] j.LocalContainerEntityManagerFactoryBean : Closing JPA EntityManagerFactory for persistence unit 'default'
2021-07-29 19:08:19.092  INFO 4840 --- [RMI TCP Connection(89)-127.0.0.1] com.zaxxer.hikari.HikariDataSource       : HikariPool-9 - Shutdown initiated...
2021-07-29 19:08:19.098  INFO 4840 --- [RMI TCP Connection(89)-127.0.0.1] com.zaxxer.hikari.HikariDataSource       : HikariPool-9 - Shutdown completed.
